C:\Users\nwbig\WebstormProjects\minischool\signaling-server\build
Server started...
Listening on 3100
C:\Users\nwbig\WebstormProjects\minischool\signaling-server\build
Server started...
Listening on 3100
User logged in as a
User logged in as b
Sending offer to a
Sending candidate to a
Sending candidate to a
Sending candidate to a
Sending candidate to a
Sending candidate to a
Sending candidate to a
Sending answer to b
Sending candidate to b
Disconnecting user from b
C:\Users\nwbig\WebstormProjects\minischool\signaling-server\build
Server started...
Listening on 3100
User logged in as a
User logged in as b
Sending offer to a
Sending candidate to a
Sending candidate to a
Sending candidate to a
Sending candidate to a
Sending candidate to a
Sending candidate to a
Sending answer to b
Sending candidate to b
Disconnecting user from b
C:\Users\nwbig\WebstormProjects\minischool\signaling-server\build
Server started...
Listening on 3100
User logged in as a
User logged in as b
Sending offer to a
Sending candidate to a
Sending candidate to a
Sending candidate to a
Sending candidate to a
Sending answer to b
Sending candidate to a
Sending offer to a
Sending candidate to b
Sending answer to b
Disconnecting user from b
